[2025-11-20 22:35:34] Scheduler started.
[2025-11-20 22:38:55] Scheduler started.
[2025-11-20 22:39:52] Scheduler started.
[2025-11-20 22:40:01] Scheduler started.
[2025-11-20 22:44:47] Scheduler started.
[2025-11-20 22:49:19] Debug Scheduler started.
[2025-11-20 22:49:19] Project Root detected: /home/app.chatme.co.tz/public_html
[2025-11-20 22:49:19] Vendor Autoload found at: /home/app.chatme.co.tz/public_html/vendor/autoload.php
[2025-11-21 01:49:19] Classes loaded. Initializing Scheduler...
[2025-11-21 01:49:19] Scheduler Constructor: Connecting to DB...
[2025-11-21 01:49:19] Scheduler Constructor: Instantiating Ad Model...
[2025-11-21 01:49:19] Scheduler Constructor: Instantiating Report Service...
[2025-11-21 01:49:19] CRITICAL ERROR: Too few arguments to function Modules\YouTubeAds\Services\YouTubeService::__construct(), 0 passed in /home/app.chatme.co.tz/public_html/api/modules/youtube_ads/services/ReportService.php on line 28 and exactly 2 expected
[2025-11-20 22:53:17] Debug Scheduler started.
[2025-11-20 22:53:17] Project Root detected: /home/app.chatme.co.tz/public_html
[2025-11-20 22:53:17] Vendor Autoload found at: /home/app.chatme.co.tz/public_html/vendor/autoload.php
[2025-11-21 01:53:17] Classes loaded. Initializing Scheduler...
[2025-11-21 01:53:17] Scheduler Constructor: Connecting to DB...
[2025-11-21 01:53:17] Scheduler Constructor: Instantiating Ad Model...
[2025-11-21 01:53:17] Scheduler Constructor: Instantiating Report Service...
[2025-11-21 01:53:17] Scheduler Constructor: Instantiating AdVideoMap Model...
[2025-11-21 01:53:17] Scheduler Constructor: Done.
[2025-11-21 01:53:17] Scheduler running...
[2025-11-21 01:53:17] Checking for queued uploads...
[2025-11-21 01:53:17] CRITICAL ERROR: Call to undefined method mysqli_result::fetchAll()
[2025-11-20 22:59:07] Debug Scheduler started.
[2025-11-20 22:59:07] Project Root detected: /home/app.chatme.co.tz/public_html
[2025-11-20 22:59:07] Vendor Autoload found at: /home/app.chatme.co.tz/public_html/vendor/autoload.php
[2025-11-21 01:59:07] Classes loaded. Initializing Scheduler...
[2025-11-21 01:59:07] Scheduler Constructor: Connecting to DB (PDO)...
[2025-11-21 01:59:07] Scheduler Constructor: Instantiating Ad Model...
[2025-11-21 01:59:07] Scheduler Constructor: Instantiating Report Service...
[2025-11-21 01:59:07] Scheduler Constructor: Instantiating AdVideoMap Model...
[2025-11-21 01:59:07] Scheduler Constructor: Done.
[2025-11-21 01:59:07] Scheduler running...
[2025-11-21 01:59:07] Checking for queued uploads...
[2025-11-21 01:59:07] Processing ad ID: 13
[2025-11-21 01:59:07] Access token expired for tenant ID: 3. Refreshing...
[2025-11-21 01:59:07] Token refreshed successfully.
[2025-11-21 01:59:07] Starting upload for file: /home/app.chatme.co.tz/public_html/uploads/ads/Welcome to FOMA ENTERTAINMENT.mp4
[2025-11-21 01:59:09] Ad ID 13 uploaded successfully. Video ID: YhTRu1rgpTg
[2025-11-21 01:59:09] Processing ad ID: 14
[2025-11-21 01:59:09] Access token expired for tenant ID: 3. Refreshing...
[2025-11-21 01:59:09] Token refreshed successfully.
[2025-11-21 01:59:09] Starting upload for file: /home/app.chatme.co.tz/public_html/uploads/ads/Welcome to FOMA ENTERTAINMENT.mp4
[2025-11-21 01:59:12] Ad ID 14 uploaded successfully. Video ID: bdoehtEcEEE
[2025-11-21 01:59:12] Processing expired ads...
[2025-11-21 01:59:12] No ads to remove.
[2025-11-21 01:59:12] Generating periodic reports...
[2025-11-21 01:59:12] Generating report for ad ID: 13
[2025-11-21 01:59:12] CRITICAL ERROR: Call to undefined method Modules\YouTubeAds\Services\YouTubeService::fetchVideoAnalytics()
[2025-11-20 23:03:13] Debug Scheduler started.
[2025-11-20 23:03:13] Project Root detected: /home/app.chatme.co.tz/public_html
[2025-11-20 23:03:13] Vendor Autoload found at: /home/app.chatme.co.tz/public_html/vendor/autoload.php
[2025-11-21 02:03:13] Classes loaded. Initializing Scheduler...
[2025-11-21 02:03:13] Scheduler Constructor: Connecting to DB (PDO)...
[2025-11-21 02:03:13] Scheduler Constructor: Instantiating Ad Model...
[2025-11-21 02:03:13] Scheduler Constructor: Instantiating Report Service...
[2025-11-21 02:03:13] Scheduler Constructor: Instantiating AdVideoMap Model...
[2025-11-21 02:03:13] Scheduler Constructor: Done.
[2025-11-21 02:03:13] Scheduler running...
[2025-11-21 02:03:13] Checking for queued uploads...
[2025-11-21 02:03:13] No ads in upload queue.
[2025-11-21 02:03:13] Processing expired ads...
[2025-11-21 02:03:13] No ads to remove.
[2025-11-21 02:03:13] Generating periodic reports...
[2025-11-21 02:03:13] Generating report for ad ID: 13
[2025-11-21 02:03:13] CRITICAL ERROR: Call to undefined method Modules\YouTubeAds\Models\AdReport::createReport()
[2025-11-20 23:05:30] Debug Scheduler started.
[2025-11-20 23:05:30] Project Root detected: /home/app.chatme.co.tz/public_html
[2025-11-20 23:05:30] Vendor Autoload found at: /home/app.chatme.co.tz/public_html/vendor/autoload.php
[2025-11-21 02:05:30] Classes loaded. Initializing Scheduler...
[2025-11-21 02:05:30] Scheduler Constructor: Connecting to DB (PDO)...
[2025-11-21 02:05:30] Scheduler Constructor: Instantiating Ad Model...
[2025-11-21 02:05:30] Scheduler Constructor: Instantiating Report Service...
[2025-11-21 02:05:30] Scheduler Constructor: Instantiating AdVideoMap Model...
[2025-11-21 02:05:30] Scheduler Constructor: Done.
[2025-11-21 02:05:30] Scheduler running...
[2025-11-21 02:05:30] Checking for queued uploads...
[2025-11-21 02:05:30] No ads in upload queue.
[2025-11-21 02:05:30] Processing expired ads...
[2025-11-21 02:05:30] No ads to remove.
[2025-11-21 02:05:30] Generating periodic reports...
[2025-11-21 02:05:30] Generating report for ad ID: 13
[2025-11-21 02:05:30] Error generating report for ad ID 13: SQLSTATE[42S22]: Column not found: 1054 Unknown column 'analytics_data' in 'INSERT INTO'
[2025-11-21 02:05:30] Generating report for ad ID: 14
[2025-11-21 02:05:30] Error generating report for ad ID 14: SQLSTATE[42S22]: Column not found: 1054 Unknown column 'analytics_data' in 'INSERT INTO'
[2025-11-21 02:05:30] Scheduler finished.
[2025-11-20 23:10:03] Debug Scheduler started.
[2025-11-20 23:10:03] Project Root detected: /home/app.chatme.co.tz/public_html
[2025-11-20 23:10:03] Vendor Autoload found at: /home/app.chatme.co.tz/public_html/vendor/autoload.php
[2025-11-21 02:10:03] Classes loaded. Initializing Scheduler...
[2025-11-21 02:10:03] Scheduler Constructor: Connecting to DB (PDO)...
[2025-11-21 02:10:03] Scheduler Constructor: Instantiating Ad Model...
[2025-11-21 02:10:03] Scheduler Constructor: Instantiating Report Service...
[2025-11-21 02:10:03] Scheduler Constructor: Instantiating AdVideoMap Model...
[2025-11-21 02:10:03] Scheduler Constructor: Done.
[2025-11-21 02:10:03] Scheduler running...
[2025-11-21 02:10:03] Checking for queued uploads...
[2025-11-21 02:10:03] No ads in upload queue.
[2025-11-21 02:10:03] Processing expired ads...
[2025-11-21 02:10:03] No ads to remove.
[2025-11-21 02:10:03] Generating periodic reports...
[2025-11-21 02:10:03] Generating report for ad ID: 13
[2025-11-21 02:10:03] Generating report for ad ID: 14
[2025-11-21 02:10:04] Scheduler finished.
[2025-11-20 23:25:12] Debug Scheduler started.
[2025-11-20 23:25:12] Project Root detected: /home/app.chatme.co.tz/public_html
[2025-11-20 23:25:12] Vendor Autoload found at: /home/app.chatme.co.tz/public_html/vendor/autoload.php
[2025-11-21 02:25:12] Classes loaded. Initializing Scheduler...
[2025-11-21 02:25:12] Scheduler Constructor: Connecting to DB (PDO)...
[2025-11-21 02:25:12] Scheduler Constructor: Instantiating Ad Model...
[2025-11-21 02:25:12] Scheduler Constructor: Instantiating Report Service...
[2025-11-21 02:25:12] Scheduler Constructor: Instantiating AdVideoMap Model...
[2025-11-21 02:25:12] Scheduler Constructor: Done.
[2025-11-21 02:25:12] Scheduler running...
[2025-11-21 02:25:12] Checking for queued uploads...
[2025-11-21 02:25:12] No ads in upload queue.
[2025-11-21 02:25:12] Processing expired ads...
[2025-11-21 02:25:12] No ads to remove.
[2025-11-21 02:25:12] Generating periodic reports...
[2025-11-21 02:25:12] Generating report for ad ID: 13
[2025-11-21 02:25:12] Generating report for ad ID: 14
[2025-11-21 02:25:12] Scheduler finished.
[2025-11-20 23:28:56] Debug Scheduler started.
[2025-11-20 23:28:56] Project Root detected: /home/app.chatme.co.tz/public_html
[2025-11-20 23:28:56] Vendor Autoload found at: /home/app.chatme.co.tz/public_html/vendor/autoload.php
[2025-11-21 02:28:56] Classes loaded. Initializing Scheduler...
[2025-11-21 02:28:56] Scheduler Constructor: Connecting to DB (PDO)...
[2025-11-21 02:28:56] Scheduler Constructor: Instantiating Ad Model...
[2025-11-21 02:28:56] Scheduler Constructor: Instantiating Report Service...
[2025-11-21 02:28:56] Scheduler Constructor: Instantiating AdVideoMap Model...
[2025-11-21 02:28:56] Scheduler Constructor: Done.
[2025-11-21 02:28:56] Scheduler running...
[2025-11-21 02:28:56] Checking for queued uploads...
[2025-11-21 02:28:56] No ads in upload queue.
[2025-11-21 02:28:56] Processing expired ads...
[2025-11-21 02:28:56] No ads to remove.
[2025-11-21 02:28:56] Generating periodic reports...
[2025-11-21 02:28:56] Generating report for ad ID: 13
[2025-11-21 02:28:57] Generating report for ad ID: 14
[2025-11-21 02:28:57] Scheduler finished.
[2025-11-20 23:29:22] Debug Scheduler started.
[2025-11-20 23:29:22] Project Root detected: /home/app.chatme.co.tz/public_html
[2025-11-20 23:29:22] Vendor Autoload found at: /home/app.chatme.co.tz/public_html/vendor/autoload.php
[2025-11-21 02:29:22] Classes loaded. Initializing Scheduler...
[2025-11-21 02:29:22] Scheduler Constructor: Connecting to DB (PDO)...
[2025-11-21 02:29:22] Scheduler Constructor: Instantiating Ad Model...
[2025-11-21 02:29:22] Scheduler Constructor: Instantiating Report Service...
[2025-11-21 02:29:22] Scheduler Constructor: Instantiating AdVideoMap Model...
[2025-11-21 02:29:22] Scheduler Constructor: Done.
[2025-11-21 02:29:22] Scheduler running...
[2025-11-21 02:29:22] Checking for queued uploads...
[2025-11-21 02:29:22] No ads in upload queue.
[2025-11-21 02:29:22] Processing expired ads...
[2025-11-21 02:29:22] No ads to remove.
[2025-11-21 02:29:22] Generating periodic reports...
[2025-11-21 02:29:22] Generating report for ad ID: 13
[2025-11-21 02:29:23] Generating report for ad ID: 14
[2025-11-21 02:29:23] Scheduler finished.
[2025-11-20 23:44:16] Debug Scheduler started.
[2025-11-20 23:44:16] Project Root detected: /home/app.chatme.co.tz/public_html
[2025-11-20 23:44:16] Vendor Autoload found at: /home/app.chatme.co.tz/public_html/vendor/autoload.php
[2025-11-21 02:44:16] Classes loaded. Initializing Scheduler...
[2025-11-21 02:44:16] Scheduler Constructor: Connecting to DB (PDO)...
[2025-11-21 02:44:16] Scheduler Constructor: Instantiating Ad Model...
[2025-11-21 02:44:16] Scheduler Constructor: Instantiating Report Service...
[2025-11-21 02:44:16] Scheduler Constructor: Instantiating AdVideoMap Model...
[2025-11-21 02:44:16] Scheduler Constructor: Done.
[2025-11-21 02:44:16] Scheduler running...
[2025-11-21 02:44:16] Checking for queued uploads...
[2025-11-21 02:44:16] No ads in upload queue.
[2025-11-21 02:44:16] Processing expired ads...
[2025-11-21 02:44:16] No ads to remove.
[2025-11-21 02:44:16] Generating periodic reports...
[2025-11-21 02:44:16] Generating report for ad ID: 13
[2025-11-21 02:44:17] Generating report for ad ID: 14
[2025-11-21 02:44:17] Scheduler finished.
[2025-11-20 23:47:16] Debug Scheduler started.
[2025-11-20 23:47:16] Project Root detected: /home/app.chatme.co.tz/public_html
[2025-11-20 23:47:16] Vendor Autoload found at: /home/app.chatme.co.tz/public_html/vendor/autoload.php
[2025-11-21 02:47:16] Classes loaded. Initializing Scheduler...
[2025-11-21 02:47:16] Scheduler Constructor: Connecting to DB (PDO)...
[2025-11-21 02:47:16] Scheduler Constructor: Instantiating Ad Model...
[2025-11-21 02:47:16] Scheduler Constructor: Instantiating Report Service...
[2025-11-21 02:47:16] Scheduler Constructor: Instantiating AdVideoMap Model...
[2025-11-21 02:47:16] Scheduler Constructor: Done.
[2025-11-21 02:47:16] Scheduler running...
[2025-11-21 02:47:16] Checking for queued uploads...
[2025-11-21 02:47:16] No ads in upload queue.
[2025-11-21 02:47:16] Processing expired ads...
[2025-11-21 02:47:16] No ads to remove.
[2025-11-21 02:47:16] Generating periodic reports...
[2025-11-21 02:47:16] Generating report for ad ID: 13
[2025-11-21 02:47:16] Generating report for ad ID: 14
[2025-11-21 02:47:16] Scheduler finished.
[2025-11-20 23:54:10] Debug Scheduler started.
[2025-11-20 23:54:10] Project Root detected: /home/app.chatme.co.tz/public_html
[2025-11-20 23:54:10] Vendor Autoload found at: /home/app.chatme.co.tz/public_html/vendor/autoload.php
[2025-11-21 02:54:10] Classes loaded. Initializing Scheduler...
[2025-11-21 02:54:10] Scheduler Constructor: Connecting to DB (PDO)...
[2025-11-21 02:54:10] Scheduler Constructor: Instantiating Ad Model...
[2025-11-21 02:54:10] Scheduler Constructor: Instantiating Report Service...
[2025-11-21 02:54:10] Scheduler Constructor: Instantiating AdVideoMap Model...
[2025-11-21 02:54:10] Scheduler Constructor: Done.
[2025-11-21 02:54:10] Scheduler running...
[2025-11-21 02:54:10] Checking for queued uploads...
[2025-11-21 02:54:10] No ads in upload queue.
[2025-11-21 02:54:10] Processing expired ads...
[2025-11-21 02:54:10] No ads to remove.
[2025-11-21 02:54:10] Generating periodic reports...
[2025-11-21 02:54:10] Generating report for ad ID: 13
[2025-11-21 02:54:10] Generating report for ad ID: 14
[2025-11-21 02:54:10] Scheduler finished.
[2025-11-21 12:11:24] Debug Scheduler started.
[2025-11-21 12:11:24] Project Root detected: /home/app.chatme.co.tz/public_html
[2025-11-21 12:11:24] Vendor Autoload found at: /home/app.chatme.co.tz/public_html/vendor/autoload.php
[2025-11-21 15:11:24] Classes loaded. Initializing Scheduler...
[2025-11-21 15:11:24] Scheduler Constructor: Connecting to DB (PDO)...
[2025-11-21 15:11:24] Scheduler Constructor: Instantiating Ad Model...
[2025-11-21 15:11:24] Scheduler Constructor: Instantiating Report Service...
[2025-11-21 15:11:24] Scheduler Constructor: Instantiating AdVideoMap Model...
[2025-11-21 15:11:24] Scheduler Constructor: Done.
[2025-11-21 15:11:24] Scheduler running...
[2025-11-21 15:11:24] Checking for queued uploads...
[2025-11-21 15:11:24] No ads in upload queue.
[2025-11-21 15:11:24] Processing expired ads...
[2025-11-21 15:11:24] No ads to remove.
[2025-11-21 15:11:24] Generating periodic reports...
[2025-11-21 15:11:24] Generating report for ad ID: 13
[2025-11-21 15:11:24] Generating report for ad ID: 14
[2025-11-21 15:11:25] Scheduler finished.
[2025-11-21 12:14:10] Debug Scheduler started.
[2025-11-21 12:14:10] Project Root detected: /home/app.chatme.co.tz/public_html
[2025-11-21 12:14:10] Vendor Autoload found at: /home/app.chatme.co.tz/public_html/vendor/autoload.php
[2025-11-21 15:14:10] Classes loaded. Initializing Scheduler...
[2025-11-21 15:14:10] Scheduler Constructor: Connecting to DB (PDO)...
[2025-11-21 15:14:10] Scheduler Constructor: Instantiating Ad Model...
[2025-11-21 15:14:10] Scheduler Constructor: Instantiating Report Service...
[2025-11-21 15:14:10] Scheduler Constructor: Instantiating AdVideoMap Model...
[2025-11-21 15:14:10] Scheduler Constructor: Done.
[2025-11-21 15:14:10] Scheduler running...
[2025-11-21 15:14:10] Checking for queued uploads...
[2025-11-21 15:14:10] No ads in upload queue.
[2025-11-21 15:14:10] Processing expired ads...
[2025-11-21 15:14:10] No ads to remove.
[2025-11-21 15:14:10] Generating periodic reports...
[2025-11-21 15:14:10] Generating report for ad ID: 13
[2025-11-21 15:14:10] Generating report for ad ID: 14
[2025-11-21 15:14:10] Scheduler finished.
[2025-11-22 07:43:08] Debug Scheduler started.
[2025-11-22 07:43:08] Project Root detected: /home/app.chatme.co.tz/public_html
[2025-11-22 07:43:08] Vendor Autoload found at: /home/app.chatme.co.tz/public_html/vendor/autoload.php
[2025-11-22 10:43:08] Classes loaded. Initializing Scheduler...
[2025-11-22 10:43:08] Scheduler Constructor: Connecting to DB (PDO)...
[2025-11-22 10:43:08] Scheduler Constructor: Instantiating Ad Model...
[2025-11-22 10:43:08] Scheduler Constructor: Instantiating Report Service...
[2025-11-22 10:43:08] Scheduler Constructor: Instantiating AdVideoMap Model...
[2025-11-22 10:43:08] Scheduler Constructor: Done.
[2025-11-22 10:43:08] Scheduler running...
[2025-11-22 10:43:08] Checking for queued uploads...
[2025-11-22 10:43:08] No ads in upload queue.
[2025-11-22 10:43:08] Processing expired ads...
[2025-11-22 10:43:08] No ads to remove.
[2025-11-22 10:43:08] Generating periodic reports...
[2025-11-22 10:43:08] Generating report for ad ID: 13
[2025-11-22 10:43:09] Generating report for ad ID: 14
[2025-11-22 10:43:09] Scheduler finished.
